TN:
SF:components\Grid\GridItems.js
FN:4,(anonymous_0)
FN:7,(anonymous_1)
FN:13,(anonymous_2)
FN:33,(anonymous_3)
FNF:4
FNH:4
FNDA:3,(anonymous_0)
FNDA:1,(anonymous_1)
FNDA:4,(anonymous_2)
FNDA:1,(anonymous_3)
DA:4,1
DA:5,3
DA:6,3
DA:7,3
DA:8,1
DA:11,3
DA:14,4
DA:33,1
LF:8
LH:8
BRDA:33,0,0,2
BRDA:33,0,1,1
BRF:2
BRH:2
end_of_record
TN:
SF:components\Jumbotron\Jumbotron.js
FN:4,Jumbotron
FNF:1
FNH:1
FNDA:1,Jumbotron
DA:6,1
LF:1
LH:1
BRF:0
BRH:0
end_of_record
TN:
SF:components\Loader\Loading.js
FN:6,(anonymous_0)
FNF:1
FNH:1
FNDA:1,(anonymous_0)
DA:7,1
LF:1
LH:1
BRF:0
BRH:0
end_of_record
TN:
SF:components\Navbar\NavMenu.js
FN:4,NavMenu
FN:6,(anonymous_1)
FNF:2
FNH:1
FNDA:2,NavMenu
FNDA:0,(anonymous_1)
DA:5,2
DA:6,2
DA:7,0
DA:9,2
LF:4
LH:3
BRDA:24,0,0,0
BRDA:24,0,1,2
BRF:2
BRH:1
end_of_record
TN:
SF:components\Navbar\Navbar.js
FN:6,Navbar
FNF:1
FNH:1
FNDA:1,Navbar
DA:7,1
LF:1
LH:1
BRF:0
BRH:0
end_of_record
