TN:
SF:components\Grid\GridItems.js
FN:43,(anonymous_0)
FN:47,(anonymous_1)
FN:57,(anonymous_2)
FN:77,(anonymous_3)
FNF:4
FNH:4
FNDA:4,(anonymous_0)
FNDA:1,(anonymous_1)
FNDA:4,(anonymous_2)
FNDA:1,(anonymous_3)
DA:6,1
DA:20,1
DA:24,1
DA:28,1
DA:43,1
DA:44,4
DA:45,4
DA:47,4
DA:48,1
DA:50,4
DA:51,1
DA:55,3
DA:58,4
DA:77,1
LF:14
LH:14
BRDA:50,0,0,1
BRDA:50,0,1,3
BRDA:77,1,0,2
BRDA:77,1,1,1
BRF:4
BRH:4
end_of_record
TN:
SF:components\Jumbotron\Jumbotron.js
FN:32,Jumbotron
FNF:1
FNH:1
FNDA:1,Jumbotron
DA:5,1
DA:17,1
DA:28,1
DA:34,1
LF:4
LH:4
BRF:0
BRH:0
end_of_record
TN:
SF:components\Loader\Loading.js
FN:6,(anonymous_0)
FNF:1
FNH:1
FNDA:1,(anonymous_0)
DA:7,1
LF:1
LH:1
BRF:0
BRH:0
end_of_record
TN:
SF:components\Navbar\NavMenu.js
FN:31,NavMenu
FN:39,(anonymous_1)
FNF:2
FNH:1
FNDA:2,NavMenu
FNDA:0,(anonymous_1)
DA:7,2
DA:17,2
DA:25,2
DA:32,2
DA:33,2
DA:39,0
LF:6
LH:5
BRDA:48,0,0,0
BRDA:48,0,1,2
BRF:2
BRH:1
end_of_record
TN:
SF:components\Navbar\Navbar.js
FN:60,Navbar
FNF:1
FNH:1
FNDA:1,Navbar
DA:6,2
DA:15,2
DA:38,2
DA:52,2
DA:61,1
LF:5
LH:5
BRF:0
BRH:0
end_of_record
